2018-12-18 12:37:23.667  INFO 7624 --- [main] com.boot.APPStart                        : Starting APPStart on DNC-01810091208 with PID 7624 (E:\workspace\JsonDemo-web\target\classes started by Administrator in E:\workspace\JsonDemo-web)
2018-12-18 12:37:23.669  INFO 7624 --- [main] com.boot.APPStart                        : No active profile set, falling back to default profiles: default
2018-12-18 12:37:23.706  INFO 7624 --- [main] ConfigServletWebServerApplicationContext : Refreshing org.springframework.boot.web.servlet.context.AnnotationConfigServletWebServerApplicationContext@3023df74: startup date [Tue Dec 18 12:37:23 CST 2018]; root of context hierarchy
2018-12-18 12:37:24.548  INFO 7624 --- [main] o.s.b.w.embedded.tomcat.TomcatWebServer  : Tomcat initialized with port(s): 9090 (http)
2018-12-18 12:37:24.565  INFO 7624 --- [main] o.apache.catalina.core.StandardService   : Starting service [Tomcat]
2018-12-18 12:37:24.565  INFO 7624 --- [main] org.apache.catalina.core.StandardEngine  : Starting Servlet Engine: Apache Tomcat/8.5.28
2018-12-18 12:37:24.569  INFO 7624 --- [localhost-startStop-1] o.a.catalina.core.AprLifecycleListener   : The APR based Apache Tomcat Native library which allows optimal performance in production environments was not found on the java.library.path: [C:\Program Files\Java\jdk1.8.0_161\bin;C:\Windows\Sun\Java\bin;C:\Windows\system32;C:\Windows;F:\app\Administrator\product\11.2.0\dbhome_1\bin;C:\Windows\system32;C:\Windows;C:\Windows\System32\Wbem;C:\Windows\System32\WindowsPowerShell\v1.0\;C:\Windows\System32\OpenSSH\;D:\Git\bin;D:\tortoiseGit\bin;C:\Program Files\Java\jdk1.8.0_161\bin;D:\node\;C:\Program Files\Java\jdk1.8.0_161\jre\bin;C:\Program Files\MySQL\MySQL Server 5.7\bin;D:\apache-maven-3.5.4\bin;D:\Program Files\TortoiseSVN\bin;C:\Users\Administrator\Downloads\spring-2.1.0.RELEASE\bin;E:\Redis-x64-3.2.100;C:\Users\Administrator\AppData\Local\Microsoft\WindowsApps;C:\Users\Administrator\AppData\Roaming\npm;D:\Microsoft VS Code\bin;.]
2018-12-18 12:37:24.674  INFO 7624 --- [localhost-startStop-1] o.a.c.c.C.[Tomcat].[localhost].[/]       : Initializing Spring embedded WebApplicationContext
2018-12-18 12:37:24.674  INFO 7624 --- [localhost-startStop-1] o.s.web.context.ContextLoader            : Root WebApplicationContext: initialization completed in 968 ms
2018-12-18 12:37:24.756  INFO 7624 --- [localhost-startStop-1] o.s.b.w.servlet.ServletRegistrationBean  : Servlet dispatcherServlet mapped to [/]
2018-12-18 12:37:24.759  INFO 7624 --- [localhost-startStop-1] o.s.b.w.servlet.FilterRegistrationBean   : Mapping filter: 'characterEncodingFilter' to: [/*]
2018-12-18 12:37:24.760  INFO 7624 --- [localhost-startStop-1] o.s.b.w.servlet.FilterRegistrationBean   : Mapping filter: 'hiddenHttpMethodFilter' to: [/*]
2018-12-18 12:37:24.760  INFO 7624 --- [localhost-startStop-1] o.s.b.w.servlet.FilterRegistrationBean   : Mapping filter: 'httpPutFormContentFilter' to: [/*]
2018-12-18 12:37:24.760  INFO 7624 --- [localhost-startStop-1] o.s.b.w.servlet.FilterRegistrationBean   : Mapping filter: 'requestContextFilter' to: [/*]
2018-12-18 12:37:25.115  INFO 7624 --- [main] s.w.s.m.m.a.RequestMappingHandlerAdapter : Looking for @ControllerAdvice: org.springframework.boot.web.servlet.context.AnnotationConfigServletWebServerApplicationContext@3023df74: startup date [Tue Dec 18 12:37:23 CST 2018]; root of context hierarchy
2018-12-18 12:37:25.156  INFO 7624 --- [main] s.w.s.m.m.a.RequestMappingHandlerMapping : Mapped "{[/city],methods=[GET]}" onto public com.alibaba.fastjson.JSONObject com.boot.controller.CityController.getCityList()
2018-12-18 12:37:25.159  INFO 7624 --- [main] s.w.s.m.m.a.RequestMappingHandlerMapping : Mapped "{[/city],methods=[POST]}" onto public com.alibaba.fastjson.JSONObject com.boot.controller.CityController.addCity(com.boot.entity.City)
2018-12-18 12:37:25.160  INFO 7624 --- [main] s.w.s.m.m.a.RequestMappingHandlerMapping : Mapped "{[/city],methods=[PUT]}" onto public com.alibaba.fastjson.JSONObject com.boot.controller.CityController.updateCity(com.boot.entity.City)
2018-12-18 12:37:25.160  INFO 7624 --- [main] s.w.s.m.m.a.RequestMappingHandlerMapping : Mapped "{[/city/{id}],methods=[DELETE]}" onto public com.alibaba.fastjson.JSONObject com.boot.controller.CityController.deleteCity(java.lang.Integer)
2018-12-18 12:37:25.161  INFO 7624 --- [main] s.w.s.m.m.a.RequestMappingHandlerMapping : Mapped "{[/city/{id}],methods=[GET]}" onto public com.alibaba.fastjson.JSONObject com.boot.controller.CityController.getCity(java.lang.Integer)
2018-12-18 12:37:25.165  INFO 7624 --- [main] s.w.s.m.m.a.RequestMappingHandlerMapping : Mapped "{[/error]}" onto public org.springframework.http.ResponseEntity<java.util.Map<java.lang.String, java.lang.Object>> org.springframework.boot.autoconfigure.web.servlet.error.BasicErrorController.error(javax.servlet.http.HttpServletRequest)
2018-12-18 12:37:25.166  INFO 7624 --- [main] s.w.s.m.m.a.RequestMappingHandlerMapping : Mapped "{[/error],produces=[text/html]}" onto public org.springframework.web.servlet.ModelAndView org.springframework.boot.autoconfigure.web.servlet.error.BasicErrorController.errorHtml(javax.servlet.http.HttpServletRequest,javax.servlet.http.HttpServletResponse)
2018-12-18 12:37:25.192  INFO 7624 --- [main] o.s.w.s.handler.SimpleUrlHandlerMapping  : Mapped URL path [/webjars/**] onto handler of type [class org.springframework.web.servlet.resource.ResourceHttpRequestHandler]
2018-12-18 12:37:25.192  INFO 7624 --- [main] o.s.w.s.handler.SimpleUrlHandlerMapping  : Mapped URL path [/**] onto handler of type [class org.springframework.web.servlet.resource.ResourceHttpRequestHandler]
2018-12-18 12:37:25.220  INFO 7624 --- [main] o.s.w.s.handler.SimpleUrlHandlerMapping  : Mapped URL path [/**/favicon.ico] onto handler of type [class org.springframework.web.servlet.resource.ResourceHttpRequestHandler]
2018-12-18 12:37:25.339  INFO 7624 --- [main] o.s.j.e.a.AnnotationMBeanExporter        : Registering beans for JMX exposure on startup
2018-12-18 12:37:25.365  INFO 7624 --- [main] o.s.b.w.embedded.tomcat.TomcatWebServer  : Tomcat started on port(s): 9090 (http) with context path ''
2018-12-18 12:37:25.368  INFO 7624 --- [main] com.boot.APPStart                        : Started APPStart in 1.963 seconds (JVM running for 2.543)
2018-12-18 12:43:49.838  INFO 6008 --- [main] com.boot.APPStart                        : Starting APPStart on DNC-01810091208 with PID 6008 (E:\workspace\JsonDemo-web\target\classes started by Administrator in E:\workspace\JsonDemo-web)
2018-12-18 12:43:49.841  INFO 6008 --- [main] com.boot.APPStart                        : No active profile set, falling back to default profiles: default
2018-12-18 12:43:49.880  INFO 6008 --- [main] ConfigServletWebServerApplicationContext : Refreshing org.springframework.boot.web.servlet.context.AnnotationConfigServletWebServerApplicationContext@4c371370: startup date [Tue Dec 18 12:43:49 CST 2018]; root of context hierarchy
2018-12-18 12:43:50.725  INFO 6008 --- [main] o.s.b.w.embedded.tomcat.TomcatWebServer  : Tomcat initialized with port(s): 9090 (http)
2018-12-18 12:43:50.744  INFO 6008 --- [main] o.apache.catalina.core.StandardService   : Starting service [Tomcat]
2018-12-18 12:43:50.744  INFO 6008 --- [main] org.apache.catalina.core.StandardEngine  : Starting Servlet Engine: Apache Tomcat/8.5.28
2018-12-18 12:43:50.747  INFO 6008 --- [localhost-startStop-1] o.a.catalina.core.AprLifecycleListener   : The APR based Apache Tomcat Native library which allows optimal performance in production environments was not found on the java.library.path: [C:\Program Files\Java\jdk1.8.0_161\bin;C:\Windows\Sun\Java\bin;C:\Windows\system32;C:\Windows;F:\app\Administrator\product\11.2.0\dbhome_1\bin;C:\Windows\system32;C:\Windows;C:\Windows\System32\Wbem;C:\Windows\System32\WindowsPowerShell\v1.0\;C:\Windows\System32\OpenSSH\;D:\Git\bin;D:\tortoiseGit\bin;C:\Program Files\Java\jdk1.8.0_161\bin;D:\node\;C:\Program Files\Java\jdk1.8.0_161\jre\bin;C:\Program Files\MySQL\MySQL Server 5.7\bin;D:\apache-maven-3.5.4\bin;D:\Program Files\TortoiseSVN\bin;C:\Users\Administrator\Downloads\spring-2.1.0.RELEASE\bin;E:\Redis-x64-3.2.100;C:\Users\Administrator\AppData\Local\Microsoft\WindowsApps;C:\Users\Administrator\AppData\Roaming\npm;D:\Microsoft VS Code\bin;.]
2018-12-18 12:43:50.803  INFO 6008 --- [localhost-startStop-1] o.a.c.c.C.[Tomcat].[localhost].[/]       : Initializing Spring embedded WebApplicationContext
2018-12-18 12:43:50.804  INFO 6008 --- [localhost-startStop-1] o.s.web.context.ContextLoader            : Root WebApplicationContext: initialization completed in 924 ms
2018-12-18 12:43:50.884  INFO 6008 --- [localhost-startStop-1] o.s.b.w.servlet.ServletRegistrationBean  : Servlet dispatcherServlet mapped to [/]
2018-12-18 12:43:50.887  INFO 6008 --- [localhost-startStop-1] o.s.b.w.servlet.FilterRegistrationBean   : Mapping filter: 'characterEncodingFilter' to: [/*]
2018-12-18 12:43:50.887  INFO 6008 --- [localhost-startStop-1] o.s.b.w.servlet.FilterRegistrationBean   : Mapping filter: 'hiddenHttpMethodFilter' to: [/*]
2018-12-18 12:43:50.887  INFO 6008 --- [localhost-startStop-1] o.s.b.w.servlet.FilterRegistrationBean   : Mapping filter: 'httpPutFormContentFilter' to: [/*]
2018-12-18 12:43:50.887  INFO 6008 --- [localhost-startStop-1] o.s.b.w.servlet.FilterRegistrationBean   : Mapping filter: 'requestContextFilter' to: [/*]
2018-12-18 12:43:51.233  INFO 6008 --- [main] s.w.s.m.m.a.RequestMappingHandlerAdapter : Looking for @ControllerAdvice: org.springframework.boot.web.servlet.context.AnnotationConfigServletWebServerApplicationContext@4c371370: startup date [Tue Dec 18 12:43:49 CST 2018]; root of context hierarchy
2018-12-18 12:43:51.271  INFO 6008 --- [main] s.w.s.m.m.a.RequestMappingHandlerMapping : Mapped "{[/city],methods=[GET]}" onto public com.alibaba.fastjson.JSONObject com.boot.controller.CityController.getCityList()
2018-12-18 12:43:51.273  INFO 6008 --- [main] s.w.s.m.m.a.RequestMappingHandlerMapping : Mapped "{[/city/{id}],methods=[DELETE]}" onto public com.alibaba.fastjson.JSONObject com.boot.controller.CityController.deleteCity(java.lang.Integer)
2018-12-18 12:43:51.273  INFO 6008 --- [main] s.w.s.m.m.a.RequestMappingHandlerMapping : Mapped "{[/city],methods=[PUT]}" onto public com.alibaba.fastjson.JSONObject com.boot.controller.CityController.updateCity(com.boot.entity.City)
2018-12-18 12:43:51.273  INFO 6008 --- [main] s.w.s.m.m.a.RequestMappingHandlerMapping : Mapped "{[/city],methods=[POST]}" onto public com.alibaba.fastjson.JSONObject com.boot.controller.CityController.addCity(com.boot.entity.City)
2018-12-18 12:43:51.273  INFO 6008 --- [main] s.w.s.m.m.a.RequestMappingHandlerMapping : Mapped "{[/city/{id}],methods=[GET]}" onto public com.alibaba.fastjson.JSONObject com.boot.controller.CityController.getCity(java.lang.Integer)
2018-12-18 12:43:51.276  INFO 6008 --- [main] s.w.s.m.m.a.RequestMappingHandlerMapping : Mapped "{[/error]}" onto public org.springframework.http.ResponseEntity<java.util.Map<java.lang.String, java.lang.Object>> org.springframework.boot.autoconfigure.web.servlet.error.BasicErrorController.error(javax.servlet.http.HttpServletRequest)
2018-12-18 12:43:51.277  INFO 6008 --- [main] s.w.s.m.m.a.RequestMappingHandlerMapping : Mapped "{[/error],produces=[text/html]}" onto public org.springframework.web.servlet.ModelAndView org.springframework.boot.autoconfigure.web.servlet.error.BasicErrorController.errorHtml(javax.servlet.http.HttpServletRequest,javax.servlet.http.HttpServletResponse)
2018-12-18 12:43:51.301  INFO 6008 --- [main] o.s.w.s.handler.SimpleUrlHandlerMapping  : Mapped URL path [/webjars/**] onto handler of type [class org.springframework.web.servlet.resource.ResourceHttpRequestHandler]
2018-12-18 12:43:51.301  INFO 6008 --- [main] o.s.w.s.handler.SimpleUrlHandlerMapping  : Mapped URL path [/**] onto handler of type [class org.springframework.web.servlet.resource.ResourceHttpRequestHandler]
2018-12-18 12:43:51.327  INFO 6008 --- [main] o.s.w.s.handler.SimpleUrlHandlerMapping  : Mapped URL path [/**/favicon.ico] onto handler of type [class org.springframework.web.servlet.resource.ResourceHttpRequestHandler]
2018-12-18 12:43:51.444  INFO 6008 --- [main] o.s.j.e.a.AnnotationMBeanExporter        : Registering beans for JMX exposure on startup
2018-12-18 12:43:51.470  INFO 6008 --- [main] o.s.b.w.embedded.tomcat.TomcatWebServer  : Tomcat started on port(s): 9090 (http) with context path ''
2018-12-18 12:43:51.472  INFO 6008 --- [main] com.boot.APPStart                        : Started APPStart in 1.907 seconds (JVM running for 2.459)
2018-12-18 12:46:20.875  INFO 4928 --- [main] com.boot.APPStart                        : Starting APPStart on DNC-01810091208 with PID 4928 (E:\workspace\JsonDemo-web\target\classes started by Administrator in E:\workspace\JsonDemo-web)
2018-12-18 12:46:20.877  INFO 4928 --- [main] com.boot.APPStart                        : No active profile set, falling back to default profiles: default
2018-12-18 12:46:20.920  INFO 4928 --- [main] ConfigServletWebServerApplicationContext : Refreshing org.springframework.boot.web.servlet.context.AnnotationConfigServletWebServerApplicationContext@3023df74: startup date [Tue Dec 18 12:46:20 CST 2018]; root of context hierarchy
2018-12-18 12:46:21.748  INFO 4928 --- [main] o.s.b.w.embedded.tomcat.TomcatWebServer  : Tomcat initialized with port(s): 9090 (http)
2018-12-18 12:46:21.766  INFO 4928 --- [main] o.apache.catalina.core.StandardService   : Starting service [Tomcat]
2018-12-18 12:46:21.766  INFO 4928 --- [main] org.apache.catalina.core.StandardEngine  : Starting Servlet Engine: Apache Tomcat/8.5.28
2018-12-18 12:46:21.769  INFO 4928 --- [localhost-startStop-1] o.a.catalina.core.AprLifecycleListener   : The APR based Apache Tomcat Native library which allows optimal performance in production environments was not found on the java.library.path: [C:\Program Files\Java\jdk1.8.0_161\bin;C:\Windows\Sun\Java\bin;C:\Windows\system32;C:\Windows;F:\app\Administrator\product\11.2.0\dbhome_1\bin;C:\Windows\system32;C:\Windows;C:\Windows\System32\Wbem;C:\Windows\System32\WindowsPowerShell\v1.0\;C:\Windows\System32\OpenSSH\;D:\Git\bin;D:\tortoiseGit\bin;C:\Program Files\Java\jdk1.8.0_161\bin;D:\node\;C:\Program Files\Java\jdk1.8.0_161\jre\bin;C:\Program Files\MySQL\MySQL Server 5.7\bin;D:\apache-maven-3.5.4\bin;D:\Program Files\TortoiseSVN\bin;C:\Users\Administrator\Downloads\spring-2.1.0.RELEASE\bin;E:\Redis-x64-3.2.100;C:\Users\Administrator\AppData\Local\Microsoft\WindowsApps;C:\Users\Administrator\AppData\Roaming\npm;D:\Microsoft VS Code\bin;.]
2018-12-18 12:46:21.838  INFO 4928 --- [localhost-startStop-1] o.a.c.c.C.[Tomcat].[localhost].[/]       : Initializing Spring embedded WebApplicationContext
2018-12-18 12:46:21.839  INFO 4928 --- [localhost-startStop-1] o.s.web.context.ContextLoader            : Root WebApplicationContext: initialization completed in 919 ms
2018-12-18 12:46:21.926  INFO 4928 --- [localhost-startStop-1] o.s.b.w.servlet.ServletRegistrationBean  : Servlet dispatcherServlet mapped to [/]
2018-12-18 12:46:21.929  INFO 4928 --- [localhost-startStop-1] o.s.b.w.servlet.FilterRegistrationBean   : Mapping filter: 'characterEncodingFilter' to: [/*]
2018-12-18 12:46:21.929  INFO 4928 --- [localhost-startStop-1] o.s.b.w.servlet.FilterRegistrationBean   : Mapping filter: 'hiddenHttpMethodFilter' to: [/*]
2018-12-18 12:46:21.929  INFO 4928 --- [localhost-startStop-1] o.s.b.w.servlet.FilterRegistrationBean   : Mapping filter: 'httpPutFormContentFilter' to: [/*]
2018-12-18 12:46:21.929  INFO 4928 --- [localhost-startStop-1] o.s.b.w.servlet.FilterRegistrationBean   : Mapping filter: 'requestContextFilter' to: [/*]
2018-12-18 12:46:22.278  INFO 4928 --- [main] s.w.s.m.m.a.RequestMappingHandlerAdapter : Looking for @ControllerAdvice: org.springframework.boot.web.servlet.context.AnnotationConfigServletWebServerApplicationContext@3023df74: startup date [Tue Dec 18 12:46:20 CST 2018]; root of context hierarchy
2018-12-18 12:46:22.317  INFO 4928 --- [main] s.w.s.m.m.a.RequestMappingHandlerMapping : Mapped "{[/city],methods=[POST]}" onto public com.alibaba.fastjson.JSONObject com.boot.controller.CityController.addCity(com.boot.entity.City)
2018-12-18 12:46:22.317  INFO 4928 --- [main] s.w.s.m.m.a.RequestMappingHandlerMapping : Mapped "{[/city/{id}],methods=[GET]}" onto public com.alibaba.fastjson.JSONObject com.boot.controller.CityController.getCity(java.lang.Integer)
2018-12-18 12:46:22.318  INFO 4928 --- [main] s.w.s.m.m.a.RequestMappingHandlerMapping : Mapped "{[/city],methods=[GET]}" onto public com.alibaba.fastjson.JSONObject com.boot.controller.CityController.getCityList()
2018-12-18 12:46:22.318  INFO 4928 --- [main] s.w.s.m.m.a.RequestMappingHandlerMapping : Mapped "{[/city],methods=[PUT]}" onto public com.alibaba.fastjson.JSONObject com.boot.controller.CityController.updateCity(com.boot.entity.City)
2018-12-18 12:46:22.318  INFO 4928 --- [main] s.w.s.m.m.a.RequestMappingHandlerMapping : Mapped "{[/city/{id}],methods=[DELETE]}" onto public com.alibaba.fastjson.JSONObject com.boot.controller.CityController.deleteCity(java.lang.Integer)
2018-12-18 12:46:22.321  INFO 4928 --- [main] s.w.s.m.m.a.RequestMappingHandlerMapping : Mapped "{[/error]}" onto public org.springframework.http.ResponseEntity<java.util.Map<java.lang.String, java.lang.Object>> org.springframework.boot.autoconfigure.web.servlet.error.BasicErrorController.error(javax.servlet.http.HttpServletRequest)
2018-12-18 12:46:22.321  INFO 4928 --- [main] s.w.s.m.m.a.RequestMappingHandlerMapping : Mapped "{[/error],produces=[text/html]}" onto public org.springframework.web.servlet.ModelAndView org.springframework.boot.autoconfigure.web.servlet.error.BasicErrorController.errorHtml(javax.servlet.http.HttpServletRequest,javax.servlet.http.HttpServletResponse)
2018-12-18 12:46:22.344  INFO 4928 --- [main] o.s.w.s.handler.SimpleUrlHandlerMapping  : Mapped URL path [/webjars/**] onto handler of type [class org.springframework.web.servlet.resource.ResourceHttpRequestHandler]
2018-12-18 12:46:22.344  INFO 4928 --- [main] o.s.w.s.handler.SimpleUrlHandlerMapping  : Mapped URL path [/**] onto handler of type [class org.springframework.web.servlet.resource.ResourceHttpRequestHandler]
2018-12-18 12:46:22.368  INFO 4928 --- [main] o.s.w.s.handler.SimpleUrlHandlerMapping  : Mapped URL path [/**/favicon.ico] onto handler of type [class org.springframework.web.servlet.resource.ResourceHttpRequestHandler]
2018-12-18 12:46:22.484  INFO 4928 --- [main] o.s.j.e.a.AnnotationMBeanExporter        : Registering beans for JMX exposure on startup
2018-12-18 12:46:22.511  INFO 4928 --- [main] o.s.b.w.embedded.tomcat.TomcatWebServer  : Tomcat started on port(s): 9090 (http) with context path ''
2018-12-18 12:46:22.514  INFO 4928 --- [main] com.boot.APPStart                        : Started APPStart in 1.933 seconds (JVM running for 2.533)
2018-12-18 12:46:28.502  INFO 4928 --- [http-nio-9090-exec-1] o.a.c.c.C.[Tomcat].[localhost].[/]       : Initializing Spring FrameworkServlet 'dispatcherServlet'
2018-12-18 12:46:28.503  INFO 4928 --- [http-nio-9090-exec-1] o.s.web.servlet.DispatcherServlet        : FrameworkServlet 'dispatcherServlet': initialization started
2018-12-18 12:46:28.537  INFO 4928 --- [http-nio-9090-exec-1] o.s.web.servlet.DispatcherServlet        : FrameworkServlet 'dispatcherServlet': initialization completed in 34 ms
2018-12-18 12:48:45.298  INFO 12044 --- [main] com.boot.APPStart                        : Starting APPStart on DNC-01810091208 with PID 12044 (E:\workspace\JsonDemo-web\target\classes started by Administrator in E:\workspace\JsonDemo-web)
2018-12-18 12:48:45.301  INFO 12044 --- [main] com.boot.APPStart                        : No active profile set, falling back to default profiles: default
2018-12-18 12:48:45.345  INFO 12044 --- [main] ConfigServletWebServerApplicationContext : Refreshing org.springframework.boot.web.servlet.context.AnnotationConfigServletWebServerApplicationContext@28701274: startup date [Tue Dec 18 12:48:45 CST 2018]; root of context hierarchy
2018-12-18 12:48:46.126  INFO 12044 --- [main] o.s.b.w.embedded.tomcat.TomcatWebServer  : Tomcat initialized with port(s): 9090 (http)
2018-12-18 12:48:46.142  INFO 12044 --- [main] o.apache.catalina.core.StandardService   : Starting service [Tomcat]
2018-12-18 12:48:46.143  INFO 12044 --- [main] org.apache.catalina.core.StandardEngine  : Starting Servlet Engine: Apache Tomcat/8.5.28
2018-12-18 12:48:46.146  INFO 12044 --- [localhost-startStop-1] o.a.catalina.core.AprLifecycleListener   : The APR based Apache Tomcat Native library which allows optimal performance in production environments was not found on the java.library.path: [C:\Program Files\Java\jdk1.8.0_161\bin;C:\Windows\Sun\Java\bin;C:\Windows\system32;C:\Windows;F:\app\Administrator\product\11.2.0\dbhome_1\bin;C:\Windows\system32;C:\Windows;C:\Windows\System32\Wbem;C:\Windows\System32\WindowsPowerShell\v1.0\;C:\Windows\System32\OpenSSH\;D:\Git\bin;D:\tortoiseGit\bin;C:\Program Files\Java\jdk1.8.0_161\bin;D:\node\;C:\Program Files\Java\jdk1.8.0_161\jre\bin;C:\Program Files\MySQL\MySQL Server 5.7\bin;D:\apache-maven-3.5.4\bin;D:\Program Files\TortoiseSVN\bin;C:\Users\Administrator\Downloads\spring-2.1.0.RELEASE\bin;E:\Redis-x64-3.2.100;C:\Users\Administrator\AppData\Local\Microsoft\WindowsApps;C:\Users\Administrator\AppData\Roaming\npm;D:\Microsoft VS Code\bin;.]
2018-12-18 12:48:46.236  INFO 12044 --- [localhost-startStop-1] o.a.c.c.C.[Tomcat].[localhost].[/]       : Initializing Spring embedded WebApplicationContext
2018-12-18 12:48:46.237  INFO 12044 --- [localhost-startStop-1] o.s.web.context.ContextLoader            : Root WebApplicationContext: initialization completed in 892 ms
2018-12-18 12:48:46.318  INFO 12044 --- [localhost-startStop-1] o.s.b.w.servlet.ServletRegistrationBean  : Servlet dispatcherServlet mapped to [/]
2018-12-18 12:48:46.321  INFO 12044 --- [localhost-startStop-1] o.s.b.w.servlet.FilterRegistrationBean   : Mapping filter: 'characterEncodingFilter' to: [/*]
2018-12-18 12:48:46.321  INFO 12044 --- [localhost-startStop-1] o.s.b.w.servlet.FilterRegistrationBean   : Mapping filter: 'hiddenHttpMethodFilter' to: [/*]
2018-12-18 12:48:46.321  INFO 12044 --- [localhost-startStop-1] o.s.b.w.servlet.FilterRegistrationBean   : Mapping filter: 'httpPutFormContentFilter' to: [/*]
2018-12-18 12:48:46.321  INFO 12044 --- [localhost-startStop-1] o.s.b.w.servlet.FilterRegistrationBean   : Mapping filter: 'requestContextFilter' to: [/*]
2018-12-18 12:48:46.660  INFO 12044 --- [main] s.w.s.m.m.a.RequestMappingHandlerAdapter : Looking for @ControllerAdvice: org.springframework.boot.web.servlet.context.AnnotationConfigServletWebServerApplicationContext@28701274: startup date [Tue Dec 18 12:48:45 CST 2018]; root of context hierarchy
2018-12-18 12:48:46.698  INFO 12044 --- [main] s.w.s.m.m.a.RequestMappingHandlerMapping : Mapped "{[/city],methods=[PUT]}" onto public com.alibaba.fastjson.JSONObject com.boot.controller.CityController.updateCity(com.boot.entity.City)
2018-12-18 12:48:46.699  INFO 12044 --- [main] s.w.s.m.m.a.RequestMappingHandlerMapping : Mapped "{[/city/{id}],methods=[GET]}" onto public com.alibaba.fastjson.JSONObject com.boot.controller.CityController.getCity(java.lang.Integer)
2018-12-18 12:48:46.700  INFO 12044 --- [main] s.w.s.m.m.a.RequestMappingHandlerMapping : Mapped "{[/city/{id}],methods=[DELETE]}" onto public com.alibaba.fastjson.JSONObject com.boot.controller.CityController.deleteCity(java.lang.Integer)
2018-12-18 12:48:46.700  INFO 12044 --- [main] s.w.s.m.m.a.RequestMappingHandlerMapping : Mapped "{[/city],methods=[POST]}" onto public com.alibaba.fastjson.JSONObject com.boot.controller.CityController.addCity(com.boot.entity.City)
2018-12-18 12:48:46.700  INFO 12044 --- [main] s.w.s.m.m.a.RequestMappingHandlerMapping : Mapped "{[/city],methods=[GET]}" onto public com.alibaba.fastjson.JSONObject com.boot.controller.CityController.getCityList()
2018-12-18 12:48:46.703  INFO 12044 --- [main] s.w.s.m.m.a.RequestMappingHandlerMapping : Mapped "{[/error]}" onto public org.springframework.http.ResponseEntity<java.util.Map<java.lang.String, java.lang.Object>> org.springframework.boot.autoconfigure.web.servlet.error.BasicErrorController.error(javax.servlet.http.HttpServletRequest)
2018-12-18 12:48:46.704  INFO 12044 --- [main] s.w.s.m.m.a.RequestMappingHandlerMapping : Mapped "{[/error],produces=[text/html]}" onto public org.springframework.web.servlet.ModelAndView org.springframework.boot.autoconfigure.web.servlet.error.BasicErrorController.errorHtml(javax.servlet.http.HttpServletRequest,javax.servlet.http.HttpServletResponse)
2018-12-18 12:48:46.726  INFO 12044 --- [main] o.s.w.s.handler.SimpleUrlHandlerMapping  : Mapped URL path [/webjars/**] onto handler of type [class org.springframework.web.servlet.resource.ResourceHttpRequestHandler]
2018-12-18 12:48:46.727  INFO 12044 --- [main] o.s.w.s.handler.SimpleUrlHandlerMapping  : Mapped URL path [/**] onto handler of type [class org.springframework.web.servlet.resource.ResourceHttpRequestHandler]
2018-12-18 12:48:46.750  INFO 12044 --- [main] o.s.w.s.handler.SimpleUrlHandlerMapping  : Mapped URL path [/**/favicon.ico] onto handler of type [class org.springframework.web.servlet.resource.ResourceHttpRequestHandler]
2018-12-18 12:48:46.870  INFO 12044 --- [main] o.s.j.e.a.AnnotationMBeanExporter        : Registering beans for JMX exposure on startup
2018-12-18 12:48:46.896  INFO 12044 --- [main] o.s.b.w.embedded.tomcat.TomcatWebServer  : Tomcat started on port(s): 9090 (http) with context path ''
2018-12-18 12:48:46.898  INFO 12044 --- [main] com.boot.APPStart                        : Started APPStart in 1.924 seconds (JVM running for 2.639)
2018-12-18 12:48:51.443  INFO 12044 --- [http-nio-9090-exec-1] o.a.c.c.C.[Tomcat].[localhost].[/]       : Initializing Spring FrameworkServlet 'dispatcherServlet'
2018-12-18 12:48:51.443  INFO 12044 --- [http-nio-9090-exec-1] o.s.web.servlet.DispatcherServlet        : FrameworkServlet 'dispatcherServlet': initialization started
2018-12-18 12:48:51.455  INFO 12044 --- [http-nio-9090-exec-1] o.s.web.servlet.DispatcherServlet        : FrameworkServlet 'dispatcherServlet': initialization completed in 12 ms
2018-12-18 12:48:51.780 DEBUG 12044 --- [http-nio-9090-exec-1] com.boot.dao.CityDAO.findAll             : ==>  Preparing: select * from city 
2018-12-18 12:48:51.793 DEBUG 12044 --- [http-nio-9090-exec-1] com.boot.dao.CityDAO.findAll             : ==> Parameters: 
2018-12-18 12:48:51.943 DEBUG 12044 --- [http-nio-9090-exec-1] com.boot.dao.CityDAO.findAll             : <==      Total: 7
2018-12-18 12:48:51.948 DEBUG 12044 --- [http-nio-9090-exec-1] com.boot.dao.CityDAO.getCount            : ==>  Preparing: select count(1) from city 
2018-12-18 12:48:51.948 DEBUG 12044 --- [http-nio-9090-exec-1] com.boot.dao.CityDAO.getCount            : ==> Parameters: 
2018-12-18 12:48:51.949 DEBUG 12044 --- [http-nio-9090-exec-1] com.boot.dao.CityDAO.getCount            : <==      Total: 1
